0 info it worked if it ends with ok
1 verbose cli [ '/usr/bin/nodejs', '/usr/local/bin/npm', 'publish' ]
2 info using npm@4.0.5
3 info using node@v8.4.0
4 verbose publish [ '.' ]
5 silly cache add args [ '.', null ]
6 verbose cache add spec .
7 silly cache add parsed spec Result {
7 silly cache add   raw: '.',
7 silly cache add   scope: null,
7 silly cache add   escapedName: null,
7 silly cache add   name: null,
7 silly cache add   rawSpec: '.',
7 silly cache add   spec: '/home/vmois/Projects/loopback-sendgrid-connector',
7 silly cache add   type: 'directory' }
8 verbose addLocalDirectory /home/vmois/.npm/loopback-sendgrid-connector/0.0.1/package.tgz not in flight; packing
9 verbose correctMkdir /home/vmois/.npm correctMkdir not in flight; initializing
10 info lifecycle loopback-sendgrid-connector@0.0.1~prepublish: loopback-sendgrid-connector@0.0.1
11 silly lifecycle loopback-sendgrid-connector@0.0.1~prepublish: no script for prepublish, continuing
12 info lifecycle loopback-sendgrid-connector@0.0.1~prepare: loopback-sendgrid-connector@0.0.1
13 silly lifecycle loopback-sendgrid-connector@0.0.1~prepare: no script for prepare, continuing
14 verbose tar pack [ '/home/vmois/.npm/loopback-sendgrid-connector/0.0.1/package.tgz',
14 verbose tar pack   '/home/vmois/Projects/loopback-sendgrid-connector' ]
15 verbose tarball /home/vmois/.npm/loopback-sendgrid-connector/0.0.1/package.tgz
16 verbose folder /home/vmois/Projects/loopback-sendgrid-connector
17 verbose addLocalTarball adding from inside cache /home/vmois/.npm/loopback-sendgrid-connector/0.0.1/package.tgz
18 verbose correctMkdir /home/vmois/.npm correctMkdir not in flight; initializing
19 silly cache afterAdd loopback-sendgrid-connector@0.0.1
20 verbose afterAdd /home/vmois/.npm/loopback-sendgrid-connector/0.0.1/package/package.json not in flight; writing
21 verbose correctMkdir /home/vmois/.npm correctMkdir not in flight; initializing
22 verbose afterAdd /home/vmois/.npm/loopback-sendgrid-connector/0.0.1/package/package.json written
23 silly publish { name: 'loopback-sendgrid-connector',
23 silly publish   version: '0.0.1',
23 silly publish   description: 'Loopback connector for SendGrid',
23 silly publish   main: './lib/sendgrid.js',
23 silly publish   scripts: { test: 'echo "Error: no test specified" && exit 1' },
23 silly publish   repository:
23 silly publish    { type: 'git',
23 silly publish      url: 'git+https://github.com/VMois/loopback-sendgrid-connector.git' },
23 silly publish   keywords: [ 'loopback', 'sendgrid', 'mailer', 'connector' ],
23 silly publish   author: { name: 'vmois' },
23 silly publish   license: 'MIT',
23 silly publish   bugs: { url: 'https://github.com/VMois/loopback-sendgrid-connector/issues' },
23 silly publish   homepage: 'https://github.com/VMois/loopback-sendgrid-connector#readme',
23 silly publish   dependencies: { '@sendgrid/mail': '^6.1.4', assert: '^1.4.1' },
23 silly publish   readme: '# loopback-sendgrid-connector\nLoopback connector for SendGrid (in development)\n',
23 silly publish   readmeFilename: 'README.md',
23 silly publish   gitHead: '3f96c7868605ec31076317186280638481f21d05',
23 silly publish   _id: 'loopback-sendgrid-connector@0.0.1',
23 silly publish   _shasum: '069a8a4f1b2326ddb5cef4f180bdeec9c8f8f364',
23 silly publish   _from: '.' }
24 info lifecycle loopback-sendgrid-connector@0.0.1~prepublishOnly: loopback-sendgrid-connector@0.0.1
25 silly lifecycle loopback-sendgrid-connector@0.0.1~prepublishOnly: no script for prepublishOnly, continuing
26 verbose getPublishConfig undefined
27 silly mapToRegistry name loopback-sendgrid-connector
28 silly mapToRegistry using default registry
29 silly mapToRegistry registry https://registry.npmjs.org/
30 silly mapToRegistry data Result {
30 silly mapToRegistry   raw: 'loopback-sendgrid-connector',
30 silly mapToRegistry   scope: null,
30 silly mapToRegistry   escapedName: 'loopback-sendgrid-connector',
30 silly mapToRegistry   name: 'loopback-sendgrid-connector',
30 silly mapToRegistry   rawSpec: '',
30 silly mapToRegistry   spec: 'latest',
30 silly mapToRegistry   type: 'tag' }
31 silly mapToRegistry uri https://registry.npmjs.org/loopback-sendgrid-connector
32 verbose publish registryBase https://registry.npmjs.org/
33 silly publish uploading /home/vmois/.npm/loopback-sendgrid-connector/0.0.1/package.tgz
34 verbose request uri https://registry.npmjs.org/loopback-sendgrid-connector
35 verbose request sending authorization for write operation
36 info attempt registry request try #1 at 10:57:57
37 verbose request using bearer token for auth
38 verbose request id 61336519f2a42351
39 http request PUT https://registry.npmjs.org/loopback-sendgrid-connector
40 http 403 https://registry.npmjs.org/loopback-sendgrid-connector
41 verbose headers { 'content-type': 'application/json',
41 verbose headers   'cache-control': 'max-age=300',
41 verbose headers   'content-length': '91',
41 verbose headers   'accept-ranges': 'bytes',
41 verbose headers   date: 'Tue, 10 Oct 2017 09:00:17 GMT',
41 verbose headers   via: '1.1 varnish',
41 verbose headers   connection: 'keep-alive',
41 verbose headers   'x-served-by': 'cache-fra1238-FRA',
41 verbose headers   'x-cache': 'MISS',
41 verbose headers   'x-cache-hits': '0',
41 verbose headers   'x-timer': 'S1507626017.947218,VS0,VE923',
41 verbose headers   vary: 'Accept-Encoding, Accept' }
42 verbose request invalidating /home/vmois/.npm/registry.npmjs.org/loopback-sendgrid-connector on PUT
43 error publish Failed PUT 403
44 verbose stack Error: You cannot publish over the previously published version 0.0.1. : loopback-sendgrid-connector
44 verbose stack     at makeError (/usr/local/lib/node_modules/npm/node_modules/npm-registry-client/lib/request.js:302:12)
44 verbose stack     at CachingRegistryClient.<anonymous> (/usr/local/lib/node_modules/npm/node_modules/npm-registry-client/lib/request.js:290:14)
44 verbose stack     at Request._callback (/usr/local/lib/node_modules/npm/node_modules/npm-registry-client/lib/request.js:210:14)
44 verbose stack     at Request.self.callback (/usr/local/lib/node_modules/npm/node_modules/request/request.js:186:22)
44 verbose stack     at emitTwo (events.js:125:13)
44 verbose stack     at Request.emit (events.js:213:7)
44 verbose stack     at Request.<anonymous> (/usr/local/lib/node_modules/npm/node_modules/request/request.js:1081:10)
44 verbose stack     at emitOne (events.js:115:13)
44 verbose stack     at Request.emit (events.js:210:7)
44 verbose stack     at IncomingMessage.<anonymous> (/usr/local/lib/node_modules/npm/node_modules/request/request.js:1001:12)
45 verbose statusCode 403
46 verbose pkgid loopback-sendgrid-connector
47 verbose cwd /home/vmois/Projects/loopback-sendgrid-connector
48 error Linux 3.16.0-4-amd64
49 error argv "/usr/bin/nodejs" "/usr/local/bin/npm" "publish"
50 error node v8.4.0
51 error npm  v4.0.5
52 error code E403
53 error You cannot publish over the previously published version 0.0.1. : loopback-sendgrid-connector
54 error If you need help, you may report this error at:
54 error     <https://github.com/npm/npm/issues>
55 verbose exit [ 1, true ]
